  [1m[36m (8.5ms)[0m  [1mCREATE TABLE "schema_migrations" ("version" character varying NOT NULL) [0m
  [1m[35m (1.7ms)[0m  CREATE UNIQUE INDEX  "unique_schema_migrations" ON "schema_migrations"  ("version")
  [1m[36mActiveRecord::SchemaMigration Load (0.4ms)[0m  [1mSELECT "schema_migrations".* FROM "schema_migrations"[0m
Migrating to CreateTodos (20151105120332)
  [1m[35m (0.3ms)[0m  BEGIN
  [1m[36m (4.3ms)[0m  [1mCREATE TABLE "todos" ("id" serial primary key, "done" boolean, "position" integer, "todo" character varying, "active" boolean, "created_at" timestamp NOT NULL, "updated_at" timestamp NOT NULL) [0m
  [1m[35mSQL (0.5ms)[0m  INSERT INTO "schema_migrations" ("version") VALUES ($1)  [["version", "20151105120332"]]
  [1m[36m (0.7ms)[0m  [1mCOMMIT[0m
  [1m[35mActiveRecord::SchemaMigration Load (0.3ms)[0m  SELECT "schema_migrations".* FROM "schema_migrations"
  [1m[36m (2.6ms)[0m  [1mSELECT t2.oid::regclass::text AS to_table, a1.attname AS column, a2.attname AS primary_key, c.conname AS name, c.confupdtype AS on_update, c.confdeltype AS on_delete
FROM pg_constraint c
JOIN pg_class t1 ON c.conrelid = t1.oid
JOIN pg_class t2 ON c.confrelid = t2.oid
JOIN pg_attribute a1 ON a1.attnum = c.conkey[1] AND a1.attrelid = t1.oid
JOIN pg_attribute a2 ON a2.attnum = c.confkey[1] AND a2.attrelid = t2.oid
JOIN pg_namespace t3 ON c.connamespace = t3.oid
WHERE c.contype = 'f'
  AND t1.relname = 'todos'
  AND t3.nspname = ANY (current_schemas(false))
ORDER BY c.conname
[0m


Started GET "/" for ::1 at 2015-11-05 04:04:51 -0800
  [1m[36mActiveRecord::SchemaMigration Load (0.6ms)[0m  [1mSELECT "schema_migrations".* FROM "schema_migrations"[0m


Started GET "/comments" for ::1 at 2015-11-05 04:04:51 -0800

ActionController::RoutingError - uninitialized constant CommentsController:
  actionpack (4.2.3) lib/action_dispatch/routing/route_set.rb:65:in `rescue in controller'
  actionpack (4.2.3) lib/action_dispatch/routing/route_set.rb:60:in `controller'
  actionpack (4.2.3) lib/action_dispatch/routing/route_set.rb:41:in `serve'
  actionpack (4.2.3) lib/action_dispatch/journey/router.rb:43:in `block in serve'
  actionpack (4.2.3) lib/action_dispatch/journey/router.rb:30:in `serve'
  actionpack (4.2.3) lib/action_dispatch/routing/route_set.rb:821:in `call'
  rack (1.6.4) lib/rack/etag.rb:24:in `call'
  rack (1.6.4) lib/rack/conditionalget.rb:25:in `call'
  rack (1.6.4) lib/rack/head.rb:13:in `call'
  actionpack (4.2.3) lib/action_dispatch/middleware/params_parser.rb:27:in `call'
  actionpack (4.2.3) lib/action_dispatch/middleware/flash.rb:260:in `call'
  rack (1.6.4) lib/rack/session/abstract/id.rb:225:in `context'
  rack (1.6.4) lib/rack/session/abstract/id.rb:220:in `call'
  actionpack (4.2.3) lib/action_dispatch/middleware/cookies.rb:560:in `call'
  activerecord (4.2.3) lib/active_record/query_cache.rb:36:in `call'
  activerecord (4.2.3) lib/active_record/connection_adapters/abstract/connection_pool.rb:653:in `call'
  activerecord (4.2.3) lib/active_record/migration.rb:377:in `call'
  actionpack (4.2.3) lib/action_dispatch/middleware/callbacks.rb:29:in `block in call'
  activesupport (4.2.3) lib/active_support/callbacks.rb:84:in `run_callbacks'
  actionpack (4.2.3) lib/action_dispatch/middleware/callbacks.rb:27:in `call'
  actionpack (4.2.3) lib/action_dispatch/middleware/reloader.rb:73:in `call'
  actionpack (4.2.3) lib/action_dispatch/middleware/remote_ip.rb:78:in `call'
  better_errors (2.1.1) lib/better_errors/middleware.rb:84:in `protected_app_call'
  better_errors (2.1.1) lib/better_errors/middleware.rb:79:in `better_errors_call'
  better_errors (2.1.1) lib/better_errors/middleware.rb:57:in `call'
  actionpack (4.2.3) lib/action_dispatch/middleware/debug_exceptions.rb:17:in `call'
  actionpack (4.2.3) lib/action_dispatch/middleware/show_exceptions.rb:30:in `call'
  railties (4.2.3) lib/rails/rack/logger.rb:38:in `call_app'
  railties (4.2.3) lib/rails/rack/logger.rb:20:in `block in call'
  activesupport (4.2.3) lib/active_support/tagged_logging.rb:68:in `block in tagged'
  activesupport (4.2.3) lib/active_support/tagged_logging.rb:26:in `tagged'
  activesupport (4.2.3) lib/active_support/tagged_logging.rb:68:in `tagged'
  railties (4.2.3) lib/rails/rack/logger.rb:20:in `call'
  actionpack (4.2.3) lib/action_dispatch/middleware/request_id.rb:21:in `call'
  rack (1.6.4) lib/rack/methodoverride.rb:22:in `call'
  rack (1.6.4) lib/rack/runtime.rb:18:in `call'
  activesupport (4.2.3) lib/active_support/cache/strategy/local_cache_middleware.rb:28:in `call'
  rack (1.6.4) lib/rack/lock.rb:17:in `call'
  actionpack (4.2.3) lib/action_dispatch/middleware/static.rb:116:in `call'
  rack (1.6.4) lib/rack/sendfile.rb:113:in `call'
  railties (4.2.3) lib/rails/engine.rb:518:in `call'
  railties (4.2.3) lib/rails/application.rb:165:in `call'
  rack (1.6.4) lib/rack/lock.rb:17:in `call'
  rack (1.6.4) lib/rack/content_length.rb:15:in `call'
  rack (1.6.4) lib/rack/handler/webrick.rb:88:in `service'
  /Users/Master/.rvm/rubies/ruby-2.2.2/lib/ruby/2.2.0/webrick/httpserver.rb:138:in `service'
  /Users/Master/.rvm/rubies/ruby-2.2.2/lib/ruby/2.2.0/webrick/httpserver.rb:94:in `run'
  /Users/Master/.rvm/rubies/ruby-2.2.2/lib/ruby/2.2.0/webrick/server.rb:294:in `block in start_thread'



Started POST "/__better_errors/de122910687c1bf7/variables" for ::1 at 2015-11-05 04:04:51 -0800

NameError (wrong local variable name `#$!' for #<Binding:0x007fb44cdaf158>):
  better_errors (2.1.1) lib/better_errors/stack_frame.rb:73:in `local_variable_get'
  better_errors (2.1.1) lib/better_errors/stack_frame.rb:73:in `block in local_variables'
  better_errors (2.1.1) lib/better_errors/stack_frame.rb:71:in `each'
  better_errors (2.1.1) lib/better_errors/stack_frame.rb:71:in `each_with_object'
  better_errors (2.1.1) lib/better_errors/stack_frame.rb:71:in `local_variables'
  (erubis:52:in `render'
  erubis (2.7.0) lib/erubis/evaluator.rb:65:in `eval'
  erubis (2.7.0) lib/erubis/evaluator.rb:65:in `result'
  better_errors (2.1.1) lib/better_errors/error_page.rb:30:in `render'
  better_errors (2.1.1) lib/better_errors/error_page.rb:37:in `do_variables'
  better_errors (2.1.1) lib/better_errors/middleware.rb:132:in `internal_call'
  better_errors (2.1.1) lib/better_errors/middleware.rb:75:in `better_errors_call'
  better_errors (2.1.1) lib/better_errors/middleware.rb:57:in `call'
  actionpack (4.2.3) lib/action_dispatch/middleware/debug_exceptions.rb:17:in `call'
  actionpack (4.2.3) lib/action_dispatch/middleware/show_exceptions.rb:30:in `call'
  railties (4.2.3) lib/rails/rack/logger.rb:38:in `call_app'
  railties (4.2.3) lib/rails/rack/logger.rb:20:in `block in call'
  activesupport (4.2.3) lib/active_support/tagged_logging.rb:68:in `block in tagged'
  activesupport (4.2.3) lib/active_support/tagged_logging.rb:26:in `tagged'
  activesupport (4.2.3) lib/active_support/tagged_logging.rb:68:in `tagged'
  railties (4.2.3) lib/rails/rack/logger.rb:20:in `call'
  actionpack (4.2.3) lib/action_dispatch/middleware/request_id.rb:21:in `call'
  rack (1.6.4) lib/rack/methodoverride.rb:22:in `call'
  rack (1.6.4) lib/rack/runtime.rb:18:in `call'
  activesupport (4.2.3) lib/active_support/cache/strategy/local_cache_middleware.rb:28:in `call'
  rack (1.6.4) lib/rack/lock.rb:17:in `call'
  actionpack (4.2.3) lib/action_dispatch/middleware/static.rb:116:in `call'
  rack (1.6.4) lib/rack/sendfile.rb:113:in `call'
  railties (4.2.3) lib/rails/engine.rb:518:in `call'
  railties (4.2.3) lib/rails/application.rb:165:in `call'
  rack (1.6.4) lib/rack/lock.rb:17:in `call'
  rack (1.6.4) lib/rack/content_length.rb:15:in `call'
  rack (1.6.4) lib/rack/handler/webrick.rb:88:in `service'
  /Users/Master/.rvm/rubies/ruby-2.2.2/lib/ruby/2.2.0/webrick/httpserver.rb:138:in `service'
  /Users/Master/.rvm/rubies/ruby-2.2.2/lib/ruby/2.2.0/webrick/httpserver.rb:94:in `run'
  /Users/Master/.rvm/rubies/ruby-2.2.2/lib/ruby/2.2.0/webrick/server.rb:294:in `block in start_thread'


  Rendered /Users/Master/.rvm/gems/ruby-2.2.2/gems/actionpack-4.2.3/lib/action_dispatch/middleware/templates/rescues/_source.erb (3.0ms)
  Rendered /Users/Master/.rvm/gems/ruby-2.2.2/gems/actionpack-4.2.3/lib/action_dispatch/middleware/templates/rescues/_trace.html.erb (1.7ms)
  Rendered /Users/Master/.rvm/gems/ruby-2.2.2/gems/actionpack-4.2.3/lib/action_dispatch/middleware/templates/rescues/_request_and_response.html.erb (5.9ms)
  Rendered /Users/Master/.rvm/gems/ruby-2.2.2/gems/actionpack-4.2.3/lib/action_dispatch/middleware/templates/rescues/diagnostics.html.erb within rescues/layout (70.9ms)


Started POST "/__better_errors/de122910687c1bf7/variables" for ::1 at 2015-11-05 04:04:56 -0800


Started POST "/__better_errors/de122910687c1bf7/variables" for ::1 at 2015-11-05 04:05:00 -0800


Started POST "/__better_errors/de122910687c1bf7/variables" for ::1 at 2015-11-05 04:05:01 -0800

NameError (wrong local variable name `#$!' for #<Binding:0x007fb44cdaf158>):
  better_errors (2.1.1) lib/better_errors/stack_frame.rb:73:in `local_variable_get'
  better_errors (2.1.1) lib/better_errors/stack_frame.rb:73:in `block in local_variables'
  better_errors (2.1.1) lib/better_errors/stack_frame.rb:71:in `each'
  better_errors (2.1.1) lib/better_errors/stack_frame.rb:71:in `each_with_object'
  better_errors (2.1.1) lib/better_errors/stack_frame.rb:71:in `local_variables'
  (erubis:52:in `render'
  erubis (2.7.0) lib/erubis/evaluator.rb:65:in `eval'
  erubis (2.7.0) lib/erubis/evaluator.rb:65:in `result'
  better_errors (2.1.1) lib/better_errors/error_page.rb:30:in `render'
  better_errors (2.1.1) lib/better_errors/error_page.rb:37:in `do_variables'
  better_errors (2.1.1) lib/better_errors/middleware.rb:132:in `internal_call'
  better_errors (2.1.1) lib/better_errors/middleware.rb:75:in `better_errors_call'
  better_errors (2.1.1) lib/better_errors/middleware.rb:57:in `call'
  actionpack (4.2.3) lib/action_dispatch/middleware/debug_exceptions.rb:17:in `call'
  actionpack (4.2.3) lib/action_dispatch/middleware/show_exceptions.rb:30:in `call'
  railties (4.2.3) lib/rails/rack/logger.rb:38:in `call_app'
  railties (4.2.3) lib/rails/rack/logger.rb:20:in `block in call'
  activesupport (4.2.3) lib/active_support/tagged_logging.rb:68:in `block in tagged'
  activesupport (4.2.3) lib/active_support/tagged_logging.rb:26:in `tagged'
  activesupport (4.2.3) lib/active_support/tagged_logging.rb:68:in `tagged'
  railties (4.2.3) lib/rails/rack/logger.rb:20:in `call'
  actionpack (4.2.3) lib/action_dispatch/middleware/request_id.rb:21:in `call'
  rack (1.6.4) lib/rack/methodoverride.rb:22:in `call'
  rack (1.6.4) lib/rack/runtime.rb:18:in `call'
  activesupport (4.2.3) lib/active_support/cache/strategy/local_cache_middleware.rb:28:in `call'
  rack (1.6.4) lib/rack/lock.rb:17:in `call'
  actionpack (4.2.3) lib/action_dispatch/middleware/static.rb:116:in `call'
  rack (1.6.4) lib/rack/sendfile.rb:113:in `call'
  railties (4.2.3) lib/rails/engine.rb:518:in `call'
  railties (4.2.3) lib/rails/application.rb:165:in `call'
  rack (1.6.4) lib/rack/lock.rb:17:in `call'
  rack (1.6.4) lib/rack/content_length.rb:15:in `call'
  rack (1.6.4) lib/rack/handler/webrick.rb:88:in `service'
  /Users/Master/.rvm/rubies/ruby-2.2.2/lib/ruby/2.2.0/webrick/httpserver.rb:138:in `service'
  /Users/Master/.rvm/rubies/ruby-2.2.2/lib/ruby/2.2.0/webrick/httpserver.rb:94:in `run'
  /Users/Master/.rvm/rubies/ruby-2.2.2/lib/ruby/2.2.0/webrick/server.rb:294:in `block in start_thread'


  Rendered /Users/Master/.rvm/gems/ruby-2.2.2/gems/actionpack-4.2.3/lib/action_dispatch/middleware/templates/rescues/_source.erb (2.9ms)
  Rendered /Users/Master/.rvm/gems/ruby-2.2.2/gems/actionpack-4.2.3/lib/action_dispatch/middleware/templates/rescues/_trace.html.erb (1.6ms)
  Rendered /Users/Master/.rvm/gems/ruby-2.2.2/gems/actionpack-4.2.3/lib/action_dispatch/middleware/templates/rescues/_request_and_response.html.erb (1.0ms)
  Rendered /Users/Master/.rvm/gems/ruby-2.2.2/gems/actionpack-4.2.3/lib/action_dispatch/middleware/templates/rescues/diagnostics.html.erb within rescues/layout (51.8ms)


Started GET "/" for ::1 at 2015-11-05 04:09:37 -0800
  [1m[36mActiveRecord::SchemaMigration Load (0.6ms)[0m  [1mSELECT "schema_migrations".* FROM "schema_migrations"[0m
Processing by TodosController#index as HTML
  [1m[35mTodo Load (0.7ms)[0m  SELECT "todos".* FROM "todos"
  Rendered todos/index.html.erb within layouts/application (27.6ms)
Completed 200 OK in 4165ms (Views: 4162.1ms | ActiveRecord: 1.5ms)


Started GET "/assets/application.css?body=1" for ::1 at 2015-11-05 04:09:42 -0800


Started GET "/assets/todos.css?body=1" for ::1 at 2015-11-05 04:09:42 -0800


Started GET "/assets/scaffolds.css?body=1" for ::1 at 2015-11-05 04:09:42 -0800


Started GET "/assets/jquery.js?body=1" for ::1 at 2015-11-05 04:09:42 -0800


Started GET "/assets/_base.css?body=1" for ::1 at 2015-11-05 04:09:42 -0800


Started GET "/assets/development/react.js?body=1" for ::1 at 2015-11-05 04:09:42 -0800


Started GET "/assets/react_ujs.js?body=1" for ::1 at 2015-11-05 04:09:42 -0800


Started GET "/assets/react_components/_comment.js?body=1" for ::1 at 2015-11-05 04:09:42 -0800


Started GET "/assets/react_components/_comment_box.js?body=1" for ::1 at 2015-11-05 04:09:42 -0800


Started GET "/assets/react_components/_comment_form.js?body=1" for ::1 at 2015-11-05 04:09:42 -0800


Started GET "/assets/react_components/_comment_list.js?body=1" for ::1 at 2015-11-05 04:09:42 -0800


Started GET "/assets/application.js?body=1" for ::1 at 2015-11-05 04:09:42 -0800


Started GET "/todos/new" for ::1 at 2015-11-05 04:09:45 -0800
Processing by TodosController#new as HTML
  Rendered todos/_form.html.erb (37.2ms)
  Rendered todos/new.html.erb within layouts/application (50.7ms)
Completed 200 OK in 70ms (Views: 60.9ms | ActiveRecord: 2.3ms)


Started GET "/" for ::1 at 2015-11-05 04:13:10 -0800
Processing by TodosController#index as HTML
  Rendered todos/index.html.erb within layouts/application (511.1ms)
Completed 500 Internal Server Error in 518ms (ActiveRecord: 0.0ms)

React::ServerRendering::PrerenderError - Encountered error "TypeError: Cannot read property 'comments' of null" when prerendering CommentBox with {"presenter":"null","imgSrc":"/assets/gundam.jpg"}
React.createClass.render ((execjs):19695:62)
ReactCompositeComponentMixin._renderValidatedComponentWithoutOwnerOrContext ((execjs):7631:35)
ReactCompositeComponentMixin._renderValidatedComponent ((execjs):7651:33)
wrapper [as _renderValidatedComponent] ((execjs):1411:22)
ReactCompositeComponentMixin.mountComponent ((execjs):7264:31)
wrapper [as mountComponent] ((execjs):1411:22)
(execjs):18740:39
ReactServerRenderingTransaction.Mixin.perform ((execjs):6681:21)
Object.renderToString ((execjs):18738:25)
eval (eval at <anonymous> ((execjs):19777:8), <anonymous>:3:41)
/Users/Master/.rvm/gems/ruby-2.2.2/gems/execjs-2.6.0/lib/execjs/external_runtime.rb:39:in `exec'
/Users/Master/.rvm/gems/ruby-2.2.2/gems/execjs-2.6.0/lib/execjs/external_runtime.rb:21:in `eval'
/Users/Master/.rvm/gems/ruby-2.2.2/gems/react-rails-1.4.1/lib/react/server_rendering/exec_js_renderer.rb:23:in `render'
/Users/Master/.rvm/gems/ruby-2.2.2/gems/react-rails-1.4.1/lib/react/server_rendering/sprockets_renderer.rb:32:in `render'
/Users/Master/.rvm/gems/ruby-2.2.2/gems/react-rails-1.4.1/lib/react/server_rendering.rb:17:in `block in render'
/Users/Master/.rvm/gems/ruby-2.2.2/gems/connection_pool-2.2.0/lib/connection_pool.rb:64:in `block (2 levels) in with'
/Users/Master/.rvm/gems/ruby-2.2.2/gems/connection_pool-2.2.0/lib/connection_pool.rb:63:in `handle_interrupt'
/Users/Master/.rvm/gems/ruby-2.2.2/gems/connection_pool-2.2.0/lib/connection_pool.rb:63:in `block in with'
/Users/Master/.rvm/gems/ruby-2.2.2/gems/connection_pool-2.2.0/lib/connection_pool.rb:60:in `handle_interrupt'
/Users/Master/.rvm/gems/ruby-2.2.2/gems/connection_pool-2.2.0/lib/connection_pool.rb:60:in `with'
/Users/Master/.rvm/gems/ruby-2.2.2/gems/react-rails-1.4.1/lib/react/server_rendering.rb:16:in `render'
/Users/Master/.rvm/gems/ruby-2.2.2/gems/react-rails-1.4.1/lib/react/rails/component_mount.rb:29:in `block in react_component'
/Users/Master/.rvm/gems/ruby-2.2.2/gems/actionview-4.2.3/lib/action_view/helpers/capture_helper.rb:38:in `block in capture'
/Users/Master/.rvm/gems/ruby-2.2.2/gems/actionview-4.2.3/lib/action_view/helpers/capture_helper.rb:202:in `with_output_buffer'
/Users/Master/.rvm/gems/ruby-2.2.2/gems/actionview-4.2.3/lib/action_view/helpers/capture_helper.rb:38:in `capture'
/Users/Master/.rvm/gems/ruby-2.2.2/gems/actionview-4.2.3/lib/action_view/helpers/tag_helper.rb:106:in `content_tag'
/Users/Master/.rvm/gems/ruby-2.2.2/gems/react-rails-1.4.1/lib/react/rails/component_mount.rb:42:in `react_component'
/Users/Master/.rvm/gems/ruby-2.2.2/gems/react-rails-1.4.1/lib/react/rails/view_helper.rb:21:in `react_component'
/Users/Master/Desktop/william/iam-todo/app/views/todos/index.html.erb:1:in `_app_views_todos_index_html_erb__2880761794590187715_70276339053760'
/Users/Master/.rvm/gems/ruby-2.2.2/gems/actionview-4.2.3/lib/action_view/template.rb:145:in `block in render'
/Users/Master/.rvm/gems/ruby-2.2.2/gems/activesupport-4.2.3/lib/active_support/notifications.rb:166:in `instrument'
/Users/Master/.rvm/gems/ruby-2.2.2/gems/actionview-4.2.3/lib/action_view/template.rb:333:in `instrument'
/Users/Master/.rvm/gems/ruby-2.2.2/gems/actionview-4.2.3/lib/action_view/template.rb:143:in `render'
/Users/Master/.rvm/gems/ruby-2.2.2/gems/actionview-4.2.3/lib/action_view/renderer/template_renderer.rb:54:in `block (2 levels) in render_template'
/Users/Master/.rvm/gems/ruby-2.2.2/gems/actionview-4.2.3/lib/action_view/renderer/abstract_renderer.rb:39:in `block in instrument'
/Users/Master/.rvm/gems/ruby-2.2.2/gems/activesupport-4.2.3/lib/active_support/notifications.rb:164:in `block in instrument'
/Users/Master/.rvm/gems/ruby-2.2.2/gems/activesupport-4.2.3/lib/active_support/notifications/instrumenter.rb:20:in `instrument'
/Users/Master/.rvm/gems/ruby-2.2.2/gems/activesupport-4.2.3/lib/active_support/notifications.rb:164:in `instrument'
/Users/Master/.rvm/gems/ruby-2.2.2/gems/actionview-4.2.3/lib/action_view/renderer/abstract_renderer.rb:39:in `instrument'
/Users/Master/.rvm/gems/ruby-2.2.2/gems/actionview-4.2.3/lib/action_view/renderer/template_renderer.rb:53:in `block in render_template'
/Users/Master/.rvm/gems/ruby-2.2.2/gems/actionview-4.2.3/lib/action_view/renderer/template_renderer.rb:61:in `render_with_layout'
/Users/Master/.rvm/gems/ruby-2.2.2/gems/actionview-4.2.3/lib/action_view/renderer/template_renderer.rb:52:in `render_template'
/Users/Master/.rvm/gems/ruby-2.2.2/gems/actionview-4.2.3/lib/action_view/renderer/template_renderer.rb:14:in `render'
/Users/Master/.rvm/gems/ruby-2.2.2/gems/actionview-4.2.3/lib/action_view/renderer/renderer.rb:42:in `render_template'
/Users/Master/.rvm/gems/ruby-2.2.2/gems/actionview-4.2.3/lib/action_view/renderer/renderer.rb:23:in `render'
/Users/Master/.rvm/gems/ruby-2.2.2/gems/actionview-4.2.3/lib/action_view/rendering.rb:100:in `_render_template'
/Users/Master/.rvm/gems/ruby-2.2.2/gems/actionpack-4.2.3/lib/action_controller/metal/streaming.rb:217:in `_render_template'
/Users/Master/.rvm/gems/ruby-2.2.2/gems/actionview-4.2.3/lib/action_view/rendering.rb:83:in `render_to_body'
/Users/Master/.rvm/gems/ruby-2.2.2/gems/actionpack-4.2.3/lib/action_controller/metal/rendering.rb:32:in `render_to_body'
/Users/Master/.rvm/gems/ruby-2.2.2/gems/actionpack-4.2.3/lib/action_controller/metal/renderers.rb:37:in `render_to_body'
/Users/Master/.rvm/gems/ruby-2.2.2/gems/actionpack-4.2.3/lib/abstract_controller/rendering.rb:25:in `render'
/Users/Master/.rvm/gems/ruby-2.2.2/gems/actionpack-4.2.3/lib/action_controller/metal/rendering.rb:16:in `render'
/Users/Master/.rvm/gems/ruby-2.2.2/gems/actionpack-4.2.3/lib/action_controller/metal/instrumentation.rb:44:in `block (2 levels) in render'
/Users/Master/.rvm/gems/ruby-2.2.2/gems/activesupport-4.2.3/lib/active_support/core_ext/benchmark.rb:12:in `block in ms'
/Users/Master/.rvm/rubies/ruby-2.2.2/lib/ruby/2.2.0/benchmark.rb:303:in `realtime'
/Users/Master/.rvm/gems/ruby-2.2.2/gems/activesupport-4.2.3/lib/active_support/core_ext/benchmark.rb:12:in `ms'
/Users/Master/.rvm/gems/ruby-2.2.2/gems/actionpack-4.2.3/lib/action_controller/metal/instrumentation.rb:44:in `block in render'
/Users/Master/.rvm/gems/ruby-2.2.2/gems/actionpack-4.2.3/lib/action_controller/metal/instrumentation.rb:87:in `cleanup_view_runtime'
/Users/Master/.rvm/gems/ruby-2.2.2/gems/activerecord-4.2.3/lib/active_record/railties/controller_runtime.rb:25:in `cleanup_view_runtime'
/Users/Master/.rvm/gems/ruby-2.2.2/gems/actionpack-4.2.3/lib/action_controller/metal/instrumentation.rb:43:in `render'
/Users/Master/.rvm/gems/ruby-2.2.2/gems/actionpack-4.2.3/lib/action_controller/metal/implicit_render.rb:10:in `default_render'
/Users/Master/.rvm/gems/ruby-2.2.2/gems/actionpack-4.2.3/lib/action_controller/metal/implicit_render.rb:5:in `send_action'
/Users/Master/.rvm/gems/ruby-2.2.2/gems/actionpack-4.2.3/lib/abstract_controller/base.rb:198:in `process_action'
/Users/Master/.rvm/gems/ruby-2.2.2/gems/actionpack-4.2.3/lib/action_controller/metal/rendering.rb:10:in `process_action'
/Users/Master/.rvm/gems/ruby-2.2.2/gems/actionpack-4.2.3/lib/abstract_controller/callbacks.rb:20:in `block in process_action'
/Users/Master/.rvm/gems/ruby-2.2.2/gems/activesupport-4.2.3/lib/active_support/callbacks.rb:115:in `call'
/Users/Master/.rvm/gems/ruby-2.2.2/gems/activesupport-4.2.3/lib/active_support/callbacks.rb:115:in `call'
/Users/Master/.rvm/gems/ruby-2.2.2/gems/activesupport-4.2.3/lib/active_support/callbacks.rb:553:in `block (2 levels) in compile'
/Users/Master/.rvm/gems/ruby-2.2.2/gems/activesupport-4.2.3/lib/active_support/callbacks.rb:503:in `call'
/Users/Master/.rvm/gems/ruby-2.2.2/gems/activesupport-4.2.3/lib/active_support/callbacks.rb:503:in `call'
/Users/Master/.rvm/gems/ruby-2.2.2/gems/activesupport-4.2.3/lib/active_support/callbacks.rb:88:in `run_callbacks'
/Users/Master/.rvm/gems/ruby-2.2.2/gems/actionpack-4.2.3/lib/abstract_controller/callbacks.rb:19:in `process_action'
/Users/Master/.rvm/gems/ruby-2.2.2/gems/actionpack-4.2.3/lib/action_controller/metal/rescue.rb:29:in `process_action'
/Users/Master/.rvm/gems/ruby-2.2.2/gems/actionpack-4.2.3/lib/action_controller/metal/instrumentation.rb:32:in `block in process_action'
/Users/Master/.rvm/gems/ruby-2.2.2/gems/activesupport-4.2.3/lib/active_support/notifications.rb:164:in `block in instrument'
/Users/Master/.rvm/gems/ruby-2.2.2/gems/activesupport-4.2.3/lib/active_support/notifications/instrumenter.rb:20:in `instrument'
/Users/Master/.rvm/gems/ruby-2.2.2/gems/activesupport-4.2.3/lib/active_support/notifications.rb:164:in `instrument'
/Users/Master/.rvm/gems/ruby-2.2.2/gems/actionpack-4.2.3/lib/action_controller/metal/instrumentation.rb:30:in `process_action'
/Users/Master/.rvm/gems/ruby-2.2.2/gems/actionpack-4.2.3/lib/action_controller/metal/params_wrapper.rb:250:in `process_action'
/Users/Master/.rvm/gems/ruby-2.2.2/gems/activerecord-4.2.3/lib/active_record/railties/controller_runtime.rb:18:in `process_action'
/Users/Master/.rvm/gems/ruby-2.2.2/gems/actionpack-4.2.3/lib/abstract_controller/base.rb:137:in `process'
/Users/Master/.rvm/gems/ruby-2.2.2/gems/actionview-4.2.3/lib/action_view/rendering.rb:30:in `process'
/Users/Master/.rvm/gems/ruby-2.2.2/gems/actionpack-4.2.3/lib/action_controller/metal.rb:196:in `dispatch'
/Users/Master/.rvm/gems/ruby-2.2.2/gems/actionpack-4.2.3/lib/action_controller/metal/rack_delegation.rb:13:in `dispatch'
/Users/Master/.rvm/gems/ruby-2.2.2/gems/actionpack-4.2.3/lib/action_controller/metal.rb:237:in `block in action'
/Users/Master/.rvm/gems/ruby-2.2.2/gems/actionpack-4.2.3/lib/action_dispatch/routing/route_set.rb:76:in `call'
/Users/Master/.rvm/gems/ruby-2.2.2/gems/actionpack-4.2.3/lib/action_dispatch/routing/route_set.rb:76:in `dispatch'
/Users/Master/.rvm/gems/ruby-2.2.2/gems/actionpack-4.2.3/lib/action_dispatch/routing/route_set.rb:45:in `serve'
/Users/Master/.rvm/gems/ruby-2.2.2/gems/actionpack-4.2.3/lib/action_dispatch/journey/router.rb:43:in `block in serve'
/Users/Master/.rvm/gems/ruby-2.2.2/gems/actionpack-4.2.3/lib/action_dispatch/journey/router.rb:30:in `each'
/Users/Master/.rvm/gems/ruby-2.2.2/gems/actionpack-4.2.3/lib/action_dispatch/journey/router.rb:30:in `serve'
/Users/Master/.rvm/gems/ruby-2.2.2/gems/actionpack-4.2.3/lib/action_dispatch/routing/route_set.rb:821:in `call'
/Users/Master/.rvm/gems/ruby-2.2.2/gems/rack-1.6.4/lib/rack/etag.rb:24:in `call'
/Users/Master/.rvm/gems/ruby-2.2.2/gems/rack-1.6.4/lib/rack/conditionalget.rb:25:in `call'
/Users/Master/.rvm/gems/ruby-2.2.2/gems/rack-1.6.4/lib/rack/head.rb:13:in `call'
/Users/Master/.rvm/gems/ruby-2.2.2/gems/actionpack-4.2.3/lib/action_dispatch/middleware/params_parser.rb:27:in `call'
/Users/Master/.rvm/gems/ruby-2.2.2/gems/actionpack-4.2.3/lib/action_dispatch/middleware/flash.rb:260:in `call'
/Users/Master/.rvm/gems/ruby-2.2.2/gems/rack-1.6.4/lib/rack/session/abstract/id.rb:225:in `context'
/Users/Master/.rvm/gems/ruby-2.2.2/gems/rack-1.6.4/lib/rack/session/abstract/id.rb:220:in `call'
/Users/Master/.rvm/gems/ruby-2.2.2/gems/actionpack-4.2.3/lib/action_dispatch/middleware/cookies.rb:560:in `call'
/Users/Master/.rvm/gems/ruby-2.2.2/gems/activerecord-4.2.3/lib/active_record/query_cache.rb:36:in `call'
/Users/Master/.rvm/gems/ruby-2.2.2/gems/activerecord-4.2.3/lib/active_record/connection_adapters/abstract/connection_pool.rb:653:in `call'
/Users/Master/.rvm/gems/ruby-2.2.2/gems/activerecord-4.2.3/lib/active_record/migration.rb:377:in `call'
/Users/Master/.rvm/gems/ruby-2.2.2/gems/actionpack-4.2.3/lib/action_dispatch/middleware/callbacks.rb:29:in `block in call'
/Users/Master/.rvm/gems/ruby-2.2.2/gems/activesupport-4.2.3/lib/active_support/callbacks.rb:84:in `run_callbacks'
/Users/Master/.rvm/gems/ruby-2.2.2/gems/actionpack-4.2.3/lib/action_dispatch/middleware/callbacks.rb:27:in `call'
/Users/Master/.rvm/gems/ruby-2.2.2/gems/actionpack-4.2.3/lib/action_dispatch/middleware/reloader.rb:73:in `call'
/Users/Master/.rvm/gems/ruby-2.2.2/gems/actionpack-4.2.3/lib/action_dispatch/middleware/remote_ip.rb:78:in `call'
/Users/Master/.rvm/gems/ruby-2.2.2/gems/better_errors-2.1.1/lib/better_errors/middleware.rb:84:in `protected_app_call'
/Users/Master/.rvm/gems/ruby-2.2.2/gems/better_errors-2.1.1/lib/better_errors/middleware.rb:79:in `better_errors_call'
/Users/Master/.rvm/gems/ruby-2.2.2/gems/better_errors-2.1.1/lib/better_errors/middleware.rb:57:in `call'
/Users/Master/.rvm/gems/ruby-2.2.2/gems/actionpack-4.2.3/lib/action_dispatch/middleware/debug_exceptions.rb:17:in `call'
/Users/Master/.rvm/gems/ruby-2.2.2/gems/actionpack-4.2.3/lib/action_dispatch/middleware/show_exceptions.rb:30:in `call'
/Users/Master/.rvm/gems/ruby-2.2.2/gems/railties-4.2.3/lib/rails/rack/logger.rb:38:in `call_app'
/Users/Master/.rvm/gems/ruby-2.2.2/gems/railties-4.2.3/lib/rails/rack/logger.rb:20:in `block in call'
/Users/Master/.rvm/gems/ruby-2.2.2/gems/activesupport-4.2.3/lib/active_support/tagged_logging.rb:68:in `block in tagged'
/Users/Master/.rvm/gems/ruby-2.2.2/gems/activesupport-4.2.3/lib/active_support/tagged_logging.rb:26:in `tagged'
/Users/Master/.rvm/gems/ruby-2.2.2/gems/activesupport-4.2.3/lib/active_support/tagged_logging.rb:68:in `tagged'
/Users/Master/.rvm/gems/ruby-2.2.2/gems/railties-4.2.3/lib/rails/rack/logger.rb:20:in `call'
/Users/Master/.rvm/gems/ruby-2.2.2/gems/actionpack-4.2.3/lib/action_dispatch/middleware/request_id.rb:21:in `call'
/Users/Master/.rvm/gems/ruby-2.2.2/gems/rack-1.6.4/lib/rack/methodoverride.rb:22:in `call'
/Users/Master/.rvm/gems/ruby-2.2.2/gems/rack-1.6.4/lib/rack/runtime.rb:18:in `call'
/Users/Master/.rvm/gems/ruby-2.2.2/gems/activesupport-4.2.3/lib/active_support/cache/strategy/local_cache_middleware.rb:28:in `call'
/Users/Master/.rvm/gems/ruby-2.2.2/gems/rack-1.6.4/lib/rack/lock.rb:17:in `call'
/Users/Master/.rvm/gems/ruby-2.2.2/gems/actionpack-4.2.3/lib/action_dispatch/middleware/static.rb:116:in `call'
/Users/Master/.rvm/gems/ruby-2.2.2/gems/rack-1.6.4/lib/rack/sendfile.rb:113:in `call'
/Users/Master/.rvm/gems/ruby-2.2.2/gems/railties-4.2.3/lib/rails/engine.rb:518:in `call'
/Users/Master/.rvm/gems/ruby-2.2.2/gems/railties-4.2.3/lib/rails/application.rb:165:in `call'
/Users/Master/.rvm/gems/ruby-2.2.2/gems/rack-1.6.4/lib/rack/lock.rb:17:in `call'
/Users/Master/.rvm/gems/ruby-2.2.2/gems/rack-1.6.4/lib/rack/content_length.rb:15:in `call'
/Users/Master/.rvm/gems/ruby-2.2.2/gems/rack-1.6.4/lib/rack/handler/webrick.rb:88:in `service'
/Users/Master/.rvm/rubies/ruby-2.2.2/lib/ruby/2.2.0/webrick/httpserver.rb:138:in `service'
/Users/Master/.rvm/rubies/ruby-2.2.2/lib/ruby/2.2.0/webrick/httpserver.rb:94:in `run'
/Users/Master/.rvm/rubies/ruby-2.2.2/lib/ruby/2.2.0/webrick/server.rb:294:in `block in start_thread':
  react-rails (1.4.1) lib/react/server_rendering/exec_js_renderer.rb:25:in `rescue in render'
  react-rails (1.4.1) lib/react/server_rendering/exec_js_renderer.rb:14:in `render'
  react-rails (1.4.1) lib/react/server_rendering/sprockets_renderer.rb:32:in `render'
  react-rails (1.4.1) lib/react/server_rendering.rb:17:in `block in render'
  connection_pool (2.2.0) lib/connection_pool.rb:64:in `block (2 levels) in with'
  connection_pool (2.2.0) lib/connection_pool.rb:63:in `block in with'
  connection_pool (2.2.0) lib/connection_pool.rb:60:in `with'
  react-rails (1.4.1) lib/react/server_rendering.rb:16:in `render'
  react-rails (1.4.1) lib/react/rails/component_mount.rb:29:in `block in react_component'
  actionview (4.2.3) lib/action_view/helpers/capture_helper.rb:38:in `block in capture'
  actionview (4.2.3) lib/action_view/helpers/capture_helper.rb:202:in `with_output_buffer'
  actionview (4.2.3) lib/action_view/helpers/capture_helper.rb:38:in `capture'
  actionview (4.2.3) lib/action_view/helpers/tag_helper.rb:106:in `content_tag'
  react-rails (1.4.1) lib/react/rails/component_mount.rb:42:in `react_component'
  react-rails (1.4.1) lib/react/rails/view_helper.rb:21:in `react_component'
  app/views/todos/index.html.erb:1:in `_app_views_todos_index_html_erb__2880761794590187715_70276339053760'
  actionview (4.2.3) lib/action_view/template.rb:145:in `block in render'
  activesupport (4.2.3) lib/active_support/notifications.rb:166:in `instrument'
  actionview (4.2.3) lib/action_view/template.rb:333:in `instrument'
  actionview (4.2.3) lib/action_view/template.rb:143:in `render'
  actionview (4.2.3) lib/action_view/renderer/template_renderer.rb:54:in `block (2 levels) in render_template'
  actionview (4.2.3) lib/action_view/renderer/abstract_renderer.rb:39:in `block in instrument'
  activesupport (4.2.3) lib/active_support/notifications.rb:164:in `block in instrument'
  activesupport (4.2.3) lib/active_support/notifications/instrumenter.rb:20:in `instrument'
  activesupport (4.2.3) lib/active_support/notifications.rb:164:in `instrument'
  actionview (4.2.3) lib/action_view/renderer/abstract_renderer.rb:39:in `instrument'
  actionview (4.2.3) lib/action_view/renderer/template_renderer.rb:53:in `block in render_template'
  actionview (4.2.3) lib/action_view/renderer/template_renderer.rb:61:in `render_with_layout'
  actionview (4.2.3) lib/action_view/renderer/template_renderer.rb:52:in `render_template'
  actionview (4.2.3) lib/action_view/renderer/template_renderer.rb:14:in `render'
  actionview (4.2.3) lib/action_view/renderer/renderer.rb:42:in `render_template'
  actionview (4.2.3) lib/action_view/renderer/renderer.rb:23:in `render'
  actionview (4.2.3) lib/action_view/rendering.rb:100:in `_render_template'
  actionpack (4.2.3) lib/action_controller/metal/streaming.rb:217:in `_render_template'
  actionview (4.2.3) lib/action_view/rendering.rb:83:in `render_to_body'
  actionpack (4.2.3) lib/action_controller/metal/rendering.rb:32:in `render_to_body'
  actionpack (4.2.3) lib/action_controller/metal/renderers.rb:37:in `render_to_body'
  actionpack (4.2.3) lib/abstract_controller/rendering.rb:25:in `render'
  actionpack (4.2.3) lib/action_controller/metal/rendering.rb:16:in `render'
  actionpack (4.2.3) lib/action_controller/metal/instrumentation.rb:44:in `block (2 levels) in render'
  activesupport (4.2.3) lib/active_support/core_ext/benchmark.rb:12:in `block in ms'
  /Users/Master/.rvm/rubies/ruby-2.2.2/lib/ruby/2.2.0/benchmark.rb:303:in `realtime'
  activesupport (4.2.3) lib/active_support/core_ext/benchmark.rb:12:in `ms'
  actionpack (4.2.3) lib/action_controller/metal/instrumentation.rb:44:in `block in render'
  actionpack (4.2.3) lib/action_controller/metal/instrumentation.rb:87:in `cleanup_view_runtime'
  activerecord (4.2.3) lib/active_record/railties/controller_runtime.rb:25:in `cleanup_view_runtime'
  actionpack (4.2.3) lib/action_controller/metal/instrumentation.rb:43:in `render'
  actionpack (4.2.3) lib/action_controller/metal/implicit_render.rb:10:in `default_render'
  actionpack (4.2.3) lib/action_controller/metal/implicit_render.rb:5:in `send_action'
  actionpack (4.2.3) lib/abstract_controller/base.rb:198:in `process_action'
  actionpack (4.2.3) lib/action_controller/metal/rendering.rb:10:in `process_action'
  actionpack (4.2.3) lib/abstract_controller/callbacks.rb:20:in `block in process_action'
  activesupport (4.2.3) lib/active_support/callbacks.rb:115:in `call'
  activesupport (4.2.3) lib/active_support/callbacks.rb:553:in `block (2 levels) in compile'
  activesupport (4.2.3) lib/active_support/callbacks.rb:503:in `call'
  activesupport (4.2.3) lib/active_support/callbacks.rb:88:in `run_callbacks'
  actionpack (4.2.3) lib/abstract_controller/callbacks.rb:19:in `process_action'
  actionpack (4.2.3) lib/action_controller/metal/rescue.rb:29:in `process_action'
  actionpack (4.2.3) lib/action_controller/metal/instrumentation.rb:32:in `block in process_action'
  activesupport (4.2.3) lib/active_support/notifications.rb:164:in `block in instrument'
  activesupport (4.2.3) lib/active_support/notifications/instrumenter.rb:20:in `instrument'
  activesupport (4.2.3) lib/active_support/notifications.rb:164:in `instrument'
  actionpack (4.2.3) lib/action_controller/metal/instrumentation.rb:30:in `process_action'
  actionpack (4.2.3) lib/action_controller/metal/params_wrapper.rb:250:in `process_action'
  activerecord (4.2.3) lib/active_record/railties/controller_runtime.rb:18:in `process_action'
  actionpack (4.2.3) lib/abstract_controller/base.rb:137:in `process'
  actionview (4.2.3) lib/action_view/rendering.rb:30:in `process'
  actionpack (4.2.3) lib/action_controller/metal.rb:196:in `dispatch'
  actionpack (4.2.3) lib/action_controller/metal/rack_delegation.rb:13:in `dispatch'
  actionpack (4.2.3) lib/action_controller/metal.rb:237:in `block in action'
  actionpack (4.2.3) lib/action_dispatch/routing/route_set.rb:76:in `dispatch'
  actionpack (4.2.3) lib/action_dispatch/routing/route_set.rb:45:in `serve'
  actionpack (4.2.3) lib/action_dispatch/journey/router.rb:43:in `block in serve'
  actionpack (4.2.3) lib/action_dispatch/journey/router.rb:30:in `serve'
  actionpack (4.2.3) lib/action_dispatch/routing/route_set.rb:821:in `call'
  rack (1.6.4) lib/rack/etag.rb:24:in `call'
  rack (1.6.4) lib/rack/conditionalget.rb:25:in `call'
  rack (1.6.4) lib/rack/head.rb:13:in `call'
  actionpack (4.2.3) lib/action_dispatch/middleware/params_parser.rb:27:in `call'
  actionpack (4.2.3) lib/action_dispatch/middleware/flash.rb:260:in `call'
  rack (1.6.4) lib/rack/session/abstract/id.rb:225:in `context'
  rack (1.6.4) lib/rack/session/abstract/id.rb:220:in `call'
  actionpack (4.2.3) lib/action_dispatch/middleware/cookies.rb:560:in `call'
  activerecord (4.2.3) lib/active_record/query_cache.rb:36:in `call'
  activerecord (4.2.3) lib/active_record/connection_adapters/abstract/connection_pool.rb:653:in `call'
  activerecord (4.2.3) lib/active_record/migration.rb:377:in `call'
  actionpack (4.2.3) lib/action_dispatch/middleware/callbacks.rb:29:in `block in call'
  activesupport (4.2.3) lib/active_support/callbacks.rb:84:in `run_callbacks'
  actionpack (4.2.3) lib/action_dispatch/middleware/callbacks.rb:27:in `call'
  actionpack (4.2.3) lib/action_dispatch/middleware/reloader.rb:73:in `call'
  actionpack (4.2.3) lib/action_dispatch/middleware/remote_ip.rb:78:in `call'
  better_errors (2.1.1) lib/better_errors/middleware.rb:84:in `protected_app_call'
  better_errors (2.1.1) lib/better_errors/middleware.rb:79:in `better_errors_call'
  better_errors (2.1.1) lib/better_errors/middleware.rb:57:in `call'
  actionpack (4.2.3) lib/action_dispatch/middleware/debug_exceptions.rb:17:in `call'
  actionpack (4.2.3) lib/action_dispatch/middleware/show_exceptions.rb:30:in `call'
  railties (4.2.3) lib/rails/rack/logger.rb:38:in `call_app'
  railties (4.2.3) lib/rails/rack/logger.rb:20:in `block in call'
  activesupport (4.2.3) lib/active_support/tagged_logging.rb:68:in `block in tagged'
  activesupport (4.2.3) lib/active_support/tagged_logging.rb:26:in `tagged'
  activesupport (4.2.3) lib/active_support/tagged_logging.rb:68:in `tagged'
  railties (4.2.3) lib/rails/rack/logger.rb:20:in `call'
  actionpack (4.2.3) lib/action_dispatch/middleware/request_id.rb:21:in `call'
  rack (1.6.4) lib/rack/methodoverride.rb:22:in `call'
  rack (1.6.4) lib/rack/runtime.rb:18:in `call'
  activesupport (4.2.3) lib/active_support/cache/strategy/local_cache_middleware.rb:28:in `call'
  rack (1.6.4) lib/rack/lock.rb:17:in `call'
  actionpack (4.2.3) lib/action_dispatch/middleware/static.rb:116:in `call'
  rack (1.6.4) lib/rack/sendfile.rb:113:in `call'
  railties (4.2.3) lib/rails/engine.rb:518:in `call'
  railties (4.2.3) lib/rails/application.rb:165:in `call'
  rack (1.6.4) lib/rack/lock.rb:17:in `call'
  rack (1.6.4) lib/rack/content_length.rb:15:in `call'
  rack (1.6.4) lib/rack/handler/webrick.rb:88:in `service'
  /Users/Master/.rvm/rubies/ruby-2.2.2/lib/ruby/2.2.0/webrick/httpserver.rb:138:in `service'
  /Users/Master/.rvm/rubies/ruby-2.2.2/lib/ruby/2.2.0/webrick/httpserver.rb:94:in `run'
  /Users/Master/.rvm/rubies/ruby-2.2.2/lib/ruby/2.2.0/webrick/server.rb:294:in `block in start_thread'



Started POST "/__better_errors/7d44f97815caf788/variables" for ::1 at 2015-11-05 04:13:11 -0800
  [1m[36mTodo Load (0.3ms)[0m  [1mSELECT "todos".* FROM "todos"[0m


Started GET "/" for ::1 at 2015-11-05 04:15:08 -0800
Processing by TodosController#index as HTML
  [1m[35mTodo Load (0.6ms)[0m  SELECT "todos".* FROM "todos"
  Rendered todos/index.html.erb within layouts/application (432.5ms)
Completed 200 OK in 444ms (Views: 440.0ms | ActiveRecord: 1.3ms)


Started GET "/assets/gundam.jpg" for ::1 at 2015-11-05 04:15:08 -0800


Started GET "/assets/jquery.js?body=1" for ::1 at 2015-11-05 04:15:08 -0800


Started GET "/assets/_base.css?body=1" for ::1 at 2015-11-05 04:15:08 -0800


Started GET "/assets/todos.css?body=1" for ::1 at 2015-11-05 04:15:08 -0800


Started GET "/assets/application.css?body=1" for ::1 at 2015-11-05 04:15:08 -0800


Started GET "/assets/scaffolds.css?body=1" for ::1 at 2015-11-05 04:15:08 -0800


Started GET "/assets/development/react.js?body=1" for ::1 at 2015-11-05 04:15:08 -0800


Started GET "/assets/react_ujs.js?body=1" for ::1 at 2015-11-05 04:15:08 -0800


Started GET "/assets/react_components/_comment.js?body=1" for ::1 at 2015-11-05 04:15:08 -0800


Started GET "/assets/react_components/_comment_box.js?body=1" for ::1 at 2015-11-05 04:15:08 -0800


Started GET "/assets/react_components/_comment_form.js?body=1" for ::1 at 2015-11-05 04:15:08 -0800


Started GET "/assets/react_components/_comment_list.js?body=1" for ::1 at 2015-11-05 04:15:08 -0800


Started GET "/assets/application.js?body=1" for ::1 at 2015-11-05 04:15:08 -0800


Started GET "/assets/todos.css?body=1" for ::1 at 2015-11-05 04:15:21 -0800


Started GET "/assets/scaffolds.css?body=1" for ::1 at 2015-11-05 04:15:21 -0800


Started GET "/assets/application.css?body=1" for ::1 at 2015-11-05 04:15:21 -0800


Started GET "/assets/_base.css?body=1" for ::1 at 2015-11-05 04:15:21 -0800


Started GET "/" for ::1 at 2015-11-05 04:15:43 -0800
Processing by TodosController#index as HTML
  [1m[36mTodo Load (0.4ms)[0m  [1mSELECT "todos".* FROM "todos"[0m
  Rendered todos/index.html.erb within layouts/application (232.5ms)
Completed 200 OK in 245ms (Views: 243.1ms | ActiveRecord: 0.4ms)


Started GET "/assets/application.css?body=1" for ::1 at 2015-11-05 04:15:43 -0800


Started GET "/assets/todos.css?body=1" for ::1 at 2015-11-05 04:15:43 -0800


Started GET "/assets/scaffolds.css?body=1" for ::1 at 2015-11-05 04:15:43 -0800


Started GET "/assets/_base.css?body=1" for ::1 at 2015-11-05 04:15:43 -0800


Started GET "/assets/gundam.jpg" for ::1 at 2015-11-05 04:15:43 -0800


Started GET "/assets/jquery.js?body=1" for ::1 at 2015-11-05 04:15:43 -0800


Started GET "/assets/development/react.js?body=1" for ::1 at 2015-11-05 04:15:43 -0800


Started GET "/assets/react_ujs.js?body=1" for ::1 at 2015-11-05 04:15:43 -0800


Started GET "/assets/react_components/_comment.js?body=1" for ::1 at 2015-11-05 04:15:43 -0800


Started GET "/assets/react_components/_comment_box.js?body=1" for ::1 at 2015-11-05 04:15:43 -0800


Started GET "/assets/react_components/_comment_form.js?body=1" for ::1 at 2015-11-05 04:15:43 -0800


Started GET "/assets/react_components/_comment_list.js?body=1" for ::1 at 2015-11-05 04:15:43 -0800


Started GET "/assets/application.js?body=1" for ::1 at 2015-11-05 04:15:43 -0800


Started GET "/assets/react_ujs.js?body=1" for ::1 at 2015-11-05 04:15:43 -0800


Started GET "/assets/react_components/_comment.js?body=1" for ::1 at 2015-11-05 04:15:43 -0800


Started GET "/assets/react_components/_comment_box.js?body=1" for ::1 at 2015-11-05 04:15:43 -0800


Started GET "/assets/react_components/_comment_form.js?body=1" for ::1 at 2015-11-05 04:15:43 -0800


Started GET "/assets/react_components/_comment_list.js?body=1" for ::1 at 2015-11-05 04:15:43 -0800


Started GET "/assets/application.js?body=1" for ::1 at 2015-11-05 04:15:43 -0800


Started GET "/" for ::1 at 2015-11-05 04:18:26 -0800
Processing by TodosController#index as HTML
  [1m[35mTodo Load (0.4ms)[0m  SELECT "todos".* FROM "todos"
  Rendered todos/index.html.erb within layouts/application (1252.7ms)
Completed 200 OK in 1352ms (Views: 1348.3ms | ActiveRecord: 1.1ms)


Started GET "/assets/application.css?body=1" for ::1 at 2015-11-05 04:18:28 -0800


Started GET "/assets/_base.css?body=1" for ::1 at 2015-11-05 04:18:28 -0800


Started GET "/assets/todos.css?body=1" for ::1 at 2015-11-05 04:18:28 -0800


Started GET "/assets/scaffolds.css?body=1" for ::1 at 2015-11-05 04:18:28 -0800


Started GET "/assets/jquery.js?body=1" for ::1 at 2015-11-05 04:18:28 -0800


Started GET "/assets/development/react.js?body=1" for ::1 at 2015-11-05 04:18:28 -0800


Started GET "/assets/react_ujs.js?body=1" for ::1 at 2015-11-05 04:18:28 -0800


Started GET "/assets/react_components/_comment_box.js?body=1" for ::1 at 2015-11-05 04:18:28 -0800


Started GET "/assets/application.js?body=1" for ::1 at 2015-11-05 04:18:28 -0800


Started GET "/" for ::1 at 2015-11-05 04:19:46 -0800
Processing by TodosController#index as HTML
  [1m[36mTodo Load (0.4ms)[0m  [1mSELECT "todos".* FROM "todos"[0m
  Rendered todos/index.html.erb within layouts/application (1184.0ms)
Completed 200 OK in 1274ms (Views: 1270.3ms | ActiveRecord: 1.2ms)


Started GET "/assets/_base.css?body=1" for ::1 at 2015-11-05 04:19:48 -0800


Started GET "/assets/todos.css?body=1" for ::1 at 2015-11-05 04:19:48 -0800


Started GET "/assets/application.css?body=1" for ::1 at 2015-11-05 04:19:48 -0800


Started GET "/assets/scaffolds.css?body=1" for ::1 at 2015-11-05 04:19:48 -0800


Started GET "/assets/jquery.js?body=1" for ::1 at 2015-11-05 04:19:48 -0800


Started GET "/assets/react_ujs.js?body=1" for ::1 at 2015-11-05 04:19:48 -0800


Started GET "/assets/development/react.js?body=1" for ::1 at 2015-11-05 04:19:48 -0800


Started GET "/assets/react_components/_comment_box.js?body=1" for ::1 at 2015-11-05 04:19:48 -0800


Started GET "/assets/application.js?body=1" for ::1 at 2015-11-05 04:19:48 -0800


Started GET "/" for ::1 at 2015-11-05 04:21:24 -0800
Processing by TodosController#index as HTML
  [1m[35mTodo Load (0.4ms)[0m  SELECT "todos".* FROM "todos"
  Rendered todos/index.html.erb within layouts/application (1260.6ms)
Completed 200 OK in 1316ms (Views: 1313.3ms | ActiveRecord: 1.2ms)


Started GET "/assets/application.css?body=1" for ::1 at 2015-11-05 04:21:26 -0800


Started GET "/assets/scaffolds.css?body=1" for ::1 at 2015-11-05 04:21:26 -0800


Started GET "/assets/react_components/_todo_container.js?body=1" for ::1 at 2015-11-05 04:21:26 -0800


Started GET "/assets/development/react.js?body=1" for ::1 at 2015-11-05 04:21:26 -0800


Started GET "/assets/_base.css?body=1" for ::1 at 2015-11-05 04:21:26 -0800


Started GET "/assets/react_ujs.js?body=1" for ::1 at 2015-11-05 04:21:26 -0800


Started GET "/assets/jquery.js?body=1" for ::1 at 2015-11-05 04:21:26 -0800


Started GET "/assets/todos.css?body=1" for ::1 at 2015-11-05 04:21:26 -0800


Started GET "/assets/application.js?body=1" for ::1 at 2015-11-05 04:21:26 -0800


Started GET "/" for ::1 at 2015-11-05 04:21:41 -0800
Processing by TodosController#index as HTML
  [1m[36mTodo Load (0.5ms)[0m  [1mSELECT "todos".* FROM "todos"[0m
  Rendered todos/index.html.erb within layouts/application (227.2ms)
Completed 200 OK in 1078ms (Views: 1076.5ms | ActiveRecord: 0.5ms)


Started GET "/assets/scaffolds.css?body=1" for ::1 at 2015-11-05 04:21:42 -0800


Started GET "/assets/_base.css?body=1" for ::1 at 2015-11-05 04:21:42 -0800


Started GET "/assets/todos.css?body=1" for ::1 at 2015-11-05 04:21:42 -0800


Started GET "/assets/development/react.js?body=1" for ::1 at 2015-11-05 04:21:42 -0800


Started GET "/assets/jquery.js?body=1" for ::1 at 2015-11-05 04:21:42 -0800


Started GET "/assets/application.css?body=1" for ::1 at 2015-11-05 04:21:42 -0800


Started GET "/assets/react_ujs.js?body=1" for ::1 at 2015-11-05 04:21:42 -0800


Started GET "/assets/react_components/_todo_container.js?body=1" for ::1 at 2015-11-05 04:21:42 -0800


Started GET "/assets/application.js?body=1" for ::1 at 2015-11-05 04:21:42 -0800


Started GET "/" for ::1 at 2015-11-05 05:19:43 -0800
  [1m[36mActiveRecord::SchemaMigration Load (0.8ms)[0m  [1mSELECT "schema_migrations".* FROM "schema_migrations"[0m
Processing by TodosController#index as HTML
  [1m[35mTodo Load (0.8ms)[0m  SELECT "todos".* FROM "todos"
  Rendered todos/index.html.erb within layouts/application (484.1ms)
Completed 200 OK in 588ms (Views: 558.2ms | ActiveRecord: 1.8ms)


Started GET "/assets/application.css?body=1" for ::1 at 2015-11-05 05:19:44 -0800


Started GET "/assets/_base.css?body=1" for ::1 at 2015-11-05 05:19:44 -0800


Started GET "/assets/development/react.js?body=1" for ::1 at 2015-11-05 05:19:44 -0800


Started GET "/assets/scaffolds.css?body=1" for ::1 at 2015-11-05 05:19:44 -0800


Started GET "/assets/todos.css?body=1" for ::1 at 2015-11-05 05:19:44 -0800


Started GET "/assets/jquery.js?body=1" for ::1 at 2015-11-05 05:19:44 -0800


Started GET "/assets/react_ujs.js?body=1" for ::1 at 2015-11-05 05:19:44 -0800


Started GET "/assets/react_components/_todo.js?body=1" for ::1 at 2015-11-05 05:19:44 -0800


Started GET "/assets/react_components/_todo_container.js?body=1" for ::1 at 2015-11-05 05:19:44 -0800


Started GET "/assets/application.js?body=1" for ::1 at 2015-11-05 05:19:44 -0800


Started GET "/" for ::1 at 2015-11-05 05:27:23 -0800
  [1m[36mActiveRecord::SchemaMigration Load (0.9ms)[0m  [1mSELECT "schema_migrations".* FROM "schema_migrations"[0m
Processing by TodosController#index as HTML
  [1m[35mTodo Load (0.7ms)[0m  SELECT "todos".* FROM "todos"
  Rendered todos/index.html.erb within layouts/application (580.6ms)
Completed 200 OK in 680ms (Views: 652.3ms | ActiveRecord: 1.5ms)


Started GET "/assets/application.css?body=1" for ::1 at 2015-11-05 05:27:24 -0800


Started GET "/assets/todos.css?body=1" for ::1 at 2015-11-05 05:27:24 -0800


Started GET "/assets/_base.css?body=1" for ::1 at 2015-11-05 05:27:24 -0800


Started GET "/assets/scaffolds.css?body=1" for ::1 at 2015-11-05 05:27:24 -0800


Started GET "/assets/development/react.js?body=1" for ::1 at 2015-11-05 05:27:24 -0800


Started GET "/assets/jquery.js?body=1" for ::1 at 2015-11-05 05:27:24 -0800


Started GET "/assets/react_ujs.js?body=1" for ::1 at 2015-11-05 05:27:24 -0800


Started GET "/assets/react_components/_todo.js?body=1" for ::1 at 2015-11-05 05:27:24 -0800


Started GET "/assets/react_components/_todo_container.js?body=1" for ::1 at 2015-11-05 05:27:24 -0800


Started GET "/assets/application.js?body=1" for ::1 at 2015-11-05 05:27:24 -0800
